[2026-04-21T00:57:36.773+0000] {local_task_job_runner.py:120} INFO - ::group::Pre task execution logs
[2026-04-21T00:57:36.797+0000] {taskinstance.py:2076} INFO - Dependencies all met for dep_context=non-requeueable deps ti=<TaskInstance: flowtrack_batch_pipeline.ingest_static_data manual__2026-04-21T00:57:36.601107+00:00 [queued]>
[2026-04-21T00:57:36.805+0000] {taskinstance.py:2076} INFO - Dependencies all met for dep_context=requeueable deps ti=<TaskInstance: flowtrack_batch_pipeline.ingest_static_data manual__2026-04-21T00:57:36.601107+00:00 [queued]>
[2026-04-21T00:57:36.805+0000] {taskinstance.py:2306} INFO - Starting attempt 1 of 1
[2026-04-21T00:57:36.813+0000] {taskinstance.py:2330} INFO - Executing <Task(BashOperator): ingest_static_data> on 2026-04-21 00:57:36.601107+00:00
[2026-04-21T00:57:36.818+0000] {standard_task_runner.py:90} INFO - Running: ['***', 'tasks', 'run', 'flowtrack_batch_pipeline', 'ingest_static_data', 'manual__2026-04-21T00:57:36.601107+00:00', '--job-id', '19', '--raw', '--subdir', 'DAGS_FOLDER/flowtrack_batch_pipeline.py', '--cfg-path', '/tmp/tmpp71c369f']
[2026-04-21T00:57:36.820+0000] {standard_task_runner.py:91} INFO - Job 19: Subtask ingest_static_data
[2026-04-21T00:57:36.820+0000] {logging_mixin.py:188} WARNING - /home/***/.local/lib/python3.12/site-packages/***/task/task_runner/standard_task_runner.py:62 DeprecationWarning: This process (pid=224) is multi-threaded, use of fork() may lead to deadlocks in the child.
[2026-04-21T00:57:36.820+0000] {standard_task_runner.py:64} INFO - Started process 225 to run task
[2026-04-21T00:57:36.852+0000] {task_command.py:426} INFO - Running <TaskInstance: flowtrack_batch_pipeline.ingest_static_data manual__2026-04-21T00:57:36.601107+00:00 [running]> on host bca783532e21
[2026-04-21T00:57:36.918+0000] {taskinstance.py:2648} INFO - Exporting env vars: AIRFLOW_CTX_DAG_OWNER='flowtrack' AIRFLOW_CTX_DAG_ID='flowtrack_batch_pipeline' AIRFLOW_CTX_TASK_ID='ingest_static_data' AIRFLOW_CTX_EXECUTION_DATE='2026-04-21T00:57:36.601107+00:00' AIRFLOW_CTX_TRY_NUMBER='1' AIRFLOW_CTX_DAG_RUN_ID='manual__2026-04-21T00:57:36.601107+00:00'
[2026-04-21T00:57:36.918+0000] {taskinstance.py:430} INFO - ::endgroup::
[2026-04-21T00:57:36.929+0000] {subprocess.py:63} INFO - Tmp dir root location: /tmp
[2026-04-21T00:57:36.930+0000] {subprocess.py:75} INFO - Running command: ['/usr/bin/bash', '-c', 'docker exec flowtrack_spark python3 /opt/spark/work-dir/jobs/batch/ingest_static_data.py']
[2026-04-21T00:57:36.936+0000] {subprocess.py:86} INFO - Output:
[2026-04-21T00:57:37.031+0000] {subprocess.py:93} INFO - Traceback (most recent call last):
[2026-04-21T00:57:37.031+0000] {subprocess.py:93} INFO -   File "/opt/spark/work-dir/jobs/batch/ingest_static_data.py", line 2, in <module>
[2026-04-21T00:57:37.031+0000] {subprocess.py:93} INFO -     import pandas as pd
[2026-04-21T00:57:37.031+0000] {subprocess.py:93} INFO - ModuleNotFoundError: No module named 'pandas'
[2026-04-21T00:57:37.039+0000] {subprocess.py:97} INFO - Command exited with return code 1
[2026-04-21T00:57:37.040+0000] {taskinstance.py:441} INFO - ::group::Post task execution logs
[2026-04-21T00:57:37.048+0000] {taskinstance.py:2905} ERROR - Task failed with exception
Traceback (most recent call last):
  File "/home/airflow/.local/lib/python3.12/site-packages/airflow/models/taskinstance.py", line 465, in _execute_task
    result = _execute_callable(context=context, **execute_callable_kwargs)
             ^^^^^^^^^^^^^^^^^^^^^^^^^^^^^^^^^^^^^^^^^^^^^^^^^^^^^^^^^^^^^
  File "/home/airflow/.local/lib/python3.12/site-packages/airflow/models/taskinstance.py", line 432, in _execute_callable
    return execute_callable(context=context, **execute_callable_kwargs)
           ^^^^^^^^^^^^^^^^^^^^^^^^^^^^^^^^^^^^^^^^^^^^^^^^^^^^^^^^^^^^
  File "/home/airflow/.local/lib/python3.12/site-packages/airflow/models/baseoperator.py", line 401, in wrapper
    return func(self, *args, **kwargs)
           ^^^^^^^^^^^^^^^^^^^^^^^^^^^
  File "/home/airflow/.local/lib/python3.12/site-packages/airflow/operators/bash.py", line 243, in execute
    raise AirflowException(
airflow.exceptions.AirflowException: Bash command failed. The command returned a non-zero exit code 1.
[2026-04-21T00:57:37.051+0000] {taskinstance.py:1206} INFO - Marking task as FAILED. dag_id=flowtrack_batch_pipeline, task_id=ingest_static_data, run_id=manual__2026-04-21T00:57:36.601107+00:00, execution_date=20260421T005736, start_date=20260421T005736, end_date=20260421T005737
[2026-04-21T00:57:37.061+0000] {standard_task_runner.py:110} ERROR - Failed to execute job 19 for task ingest_static_data (Bash command failed. The command returned a non-zero exit code 1.; 225)
[2026-04-21T00:57:37.073+0000] {local_task_job_runner.py:243} INFO - Task exited with return code 1
[2026-04-21T00:57:37.090+0000] {taskinstance.py:3503} INFO - 0 downstream tasks scheduled from follow-on schedule check
[2026-04-21T00:57:37.094+0000] {local_task_job_runner.py:222} INFO - ::endgroup::
