[2026-04-21T00:58:56.159+0000] {local_task_job_runner.py:120} INFO - ::group::Pre task execution logs
[2026-04-21T00:58:56.190+0000] {taskinstance.py:2076} INFO - Dependencies all met for dep_context=non-requeueable deps ti=<TaskInstance: flowtrack_batch_pipeline.run_dbt_models manual__2026-04-21T00:57:28.298246+00:00 [queued]>
[2026-04-21T00:58:56.199+0000] {taskinstance.py:2076} INFO - Dependencies all met for dep_context=requeueable deps ti=<TaskInstance: flowtrack_batch_pipeline.run_dbt_models manual__2026-04-21T00:57:28.298246+00:00 [queued]>
[2026-04-21T00:58:56.200+0000] {taskinstance.py:2306} INFO - Starting attempt 1 of 1
[2026-04-21T00:58:56.247+0000] {taskinstance.py:2330} INFO - Executing <Task(BashOperator): run_dbt_models> on 2026-04-21 00:57:28.298246+00:00
[2026-04-21T00:58:56.256+0000] {logging_mixin.py:188} WARNING - /home/***/.local/lib/python3.12/site-packages/***/task/task_runner/standard_task_runner.py:62 DeprecationWarning: This process (pid=282) is multi-threaded, use of fork() may lead to deadlocks in the child.
[2026-04-21T00:58:56.254+0000] {standard_task_runner.py:90} INFO - Running: ['***', 'tasks', 'run', 'flowtrack_batch_pipeline', 'run_dbt_models', 'manual__2026-04-21T00:57:28.298246+00:00', '--job-id', '23', '--raw', '--subdir', 'DAGS_FOLDER/flowtrack_batch_pipeline.py', '--cfg-path', '/tmp/tmpbddyec_6']
[2026-04-21T00:58:56.256+0000] {standard_task_runner.py:91} INFO - Job 23: Subtask run_dbt_models
[2026-04-21T00:58:56.256+0000] {standard_task_runner.py:64} INFO - Started process 283 to run task
[2026-04-21T00:58:56.342+0000] {task_command.py:426} INFO - Running <TaskInstance: flowtrack_batch_pipeline.run_dbt_models manual__2026-04-21T00:57:28.298246+00:00 [running]> on host bca783532e21
[2026-04-21T00:58:56.435+0000] {taskinstance.py:2648} INFO - Exporting env vars: AIRFLOW_CTX_DAG_OWNER='flowtrack' AIRFLOW_CTX_DAG_ID='flowtrack_batch_pipeline' AIRFLOW_CTX_TASK_ID='run_dbt_models' AIRFLOW_CTX_EXECUTION_DATE='2026-04-21T00:57:28.298246+00:00' AIRFLOW_CTX_TRY_NUMBER='1' AIRFLOW_CTX_DAG_RUN_ID='manual__2026-04-21T00:57:28.298246+00:00'
[2026-04-21T00:58:56.435+0000] {taskinstance.py:430} INFO - ::endgroup::
[2026-04-21T00:58:56.450+0000] {subprocess.py:63} INFO - Tmp dir root location: /tmp
[2026-04-21T00:58:56.451+0000] {subprocess.py:75} INFO - Running command: ['/usr/bin/bash', '-c', 'docker exec flowtrack_dbt dbt run --profiles-dir /usr/app']
[2026-04-21T00:58:56.459+0000] {subprocess.py:86} INFO - Output:
[2026-04-21T00:58:57.511+0000] {subprocess.py:93} INFO - [0m00:58:57  Running with dbt=1.8.3
[2026-04-21T00:58:57.657+0000] {subprocess.py:93} INFO - [0m00:58:57  Registered adapter: postgres=1.8.2
[2026-04-21T00:58:57.863+0000] {subprocess.py:93} INFO - [0m00:58:57  Found 9 models, 4 data tests, 415 macros
[2026-04-21T00:58:57.865+0000] {subprocess.py:93} INFO - [0m00:58:57
[2026-04-21T00:58:57.956+0000] {subprocess.py:93} INFO - [0m00:58:57  Concurrency: 4 threads (target='dev')
[2026-04-21T00:58:57.956+0000] {subprocess.py:93} INFO - [0m00:58:57
[2026-04-21T00:58:57.964+0000] {subprocess.py:93} INFO - [0m00:58:57  1 of 9 START sql view model analytics.stg_carriers ............................. [RUN]
[2026-04-21T00:58:57.965+0000] {subprocess.py:93} INFO - [0m00:58:57  2 of 9 START sql view model analytics.stg_routes ............................... [RUN]
[2026-04-21T00:58:57.966+0000] {subprocess.py:93} INFO - [0m00:58:57  3 of 9 START sql view model analytics.stg_shipments ............................ [RUN]
[2026-04-21T00:58:57.966+0000] {subprocess.py:93} INFO - [0m00:58:57  4 of 9 START sql view model analytics.stg_warehouses ........................... [RUN]
[2026-04-21T00:58:58.102+0000] {subprocess.py:93} INFO - [0m00:58:58  1 of 9 OK created sql view model analytics.stg_carriers ........................ [[32mCREATE VIEW[0m in 0.13s]
[2026-04-21T00:58:58.103+0000] {subprocess.py:93} INFO - [0m00:58:58  4 of 9 OK created sql view model analytics.stg_warehouses ...................... [[32mCREATE VIEW[0m in 0.13s]
[2026-04-21T00:58:58.104+0000] {subprocess.py:93} INFO - [0m00:58:58  3 of 9 OK created sql view model analytics.stg_shipments ....................... [[32mCREATE VIEW[0m in 0.14s]
[2026-04-21T00:58:58.105+0000] {subprocess.py:93} INFO - [0m00:58:58  2 of 9 OK created sql view model analytics.stg_routes .......................... [[32mCREATE VIEW[0m in 0.14s]
[2026-04-21T00:58:58.108+0000] {subprocess.py:93} INFO - [0m00:58:58  5 of 9 START sql table model analytics.mart_live_shipment_status ............... [RUN]
[2026-04-21T00:58:58.112+0000] {subprocess.py:93} INFO - [0m00:58:58  6 of 9 START sql table model analytics.mart_shipment_overview .................. [RUN]
[2026-04-21T00:58:58.187+0000] {subprocess.py:93} INFO - [0m00:58:58  6 of 9 OK created sql table model analytics.mart_shipment_overview ............. [[32mSELECT 3[0m in 0.07s]
[2026-04-21T00:58:58.189+0000] {subprocess.py:93} INFO - [0m00:58:58  5 of 9 OK created sql table model analytics.mart_live_shipment_status .......... [[32mSELECT 3[0m in 0.08s]
[2026-04-21T00:58:58.192+0000] {subprocess.py:93} INFO - [0m00:58:58  7 of 9 START sql table model analytics.mart_carrier_performance ................ [RUN]
[2026-04-21T00:58:58.192+0000] {subprocess.py:93} INFO - [0m00:58:58  8 of 9 START sql table model analytics.mart_route_performance .................. [RUN]
[2026-04-21T00:58:58.193+0000] {subprocess.py:93} INFO - [0m00:58:58  9 of 9 START sql table model analytics.mart_shipment_status .................... [RUN]
[2026-04-21T00:58:58.298+0000] {subprocess.py:93} INFO - [0m00:58:58  9 of 9 OK created sql table model analytics.mart_shipment_status ............... [[32mSELECT 2[0m in 0.10s]
[2026-04-21T00:58:58.300+0000] {subprocess.py:93} INFO - [0m00:58:58  8 of 9 OK created sql table model analytics.mart_route_performance ............. [[32mSELECT 3[0m in 0.10s]
[2026-04-21T00:58:58.302+0000] {subprocess.py:93} INFO - [0m00:58:58  7 of 9 OK created sql table model analytics.mart_carrier_performance ........... [[32mSELECT 3[0m in 0.11s]
[2026-04-21T00:58:58.312+0000] {subprocess.py:93} INFO - [0m00:58:58
[2026-04-21T00:58:58.313+0000] {subprocess.py:93} INFO - [0m00:58:58  Finished running 4 view models, 5 table models in 0 hours 0 minutes and 0.45 seconds (0.45s).
[2026-04-21T00:58:58.332+0000] {subprocess.py:93} INFO - [0m00:58:58
[2026-04-21T00:58:58.332+0000] {subprocess.py:93} INFO - [0m00:58:58  [32mCompleted successfully[0m
[2026-04-21T00:58:58.333+0000] {subprocess.py:93} INFO - [0m00:58:58
[2026-04-21T00:58:58.333+0000] {subprocess.py:93} INFO - [0m00:58:58  Done. PASS=9 WARN=0 ERROR=0 SKIP=0 TOTAL=9
[2026-04-21T00:58:59.281+0000] {subprocess.py:97} INFO - Command exited with return code 0
[2026-04-21T00:58:59.282+0000] {taskinstance.py:441} INFO - ::group::Post task execution logs
[2026-04-21T00:58:59.308+0000] {taskinstance.py:1206} INFO - Marking task as SUCCESS. dag_id=flowtrack_batch_pipeline, task_id=run_dbt_models, run_id=manual__2026-04-21T00:57:28.298246+00:00, execution_date=20260421T005728, start_date=20260421T005856, end_date=20260421T005859
[2026-04-21T00:58:59.356+0000] {local_task_job_runner.py:243} INFO - Task exited with return code 0
[2026-04-21T00:58:59.374+0000] {taskinstance.py:3503} INFO - 0 downstream tasks scheduled from follow-on schedule check
[2026-04-21T00:58:59.377+0000] {local_task_job_runner.py:222} INFO - ::endgroup::
